<?xml version="1.0" encoding="UTF-8"?>
<!-- Generated by org.testng.reporters.JUnitReportReporter -->
<testsuite hostname="fa064016" failures="0" tests="5" name="testScript.API" time="5.273" errors="0" timestamp="13 Jul 2023 10:18:11 GMT">
  <testcase classname="testScript.API" name="runAPITest" time="1.531"/>
  <testcase classname="testScript.API" name="runAPITest" time="0.702"/>
  <testcase classname="testScript.API" name="runAPITest" time="1.787"/>
  <testcase classname="testScript.API" name="runAPITest" time="1.251"/>
  <testcase classname="testScript.API" name="runAPITest" time="0.002"/>
</testsuite> <!-- testScript.API -->
