<?xml version="1.0" encoding="UTF-8"?>
<!-- Generated by org.testng.reporters.JUnitReportReporter -->
<testsuite hostname="fa064016" failures="0" tests="2" name="testScript.API" time="5.286" errors="0" timestamp="27 Jun 2023 06:44:35 GMT">
  <testcase classname="testScript.API" name="runAPITest" time="3.856"/>
  <testcase classname="testScript.API" name="runAPITest" time="1.430"/>
</testsuite> <!-- testScript.API -->
