<?xml version="1.0" encoding="UTF-8"?>
<!-- Generated by org.testng.reporters.JUnitReportReporter -->
<testsuite hostname="fa064016" failures="0" tests="2" name="testScript.API" time="4.136" errors="0" timestamp="26 Jun 2023 19:25:33 GMT">
  <testcase classname="testScript.API" name="runAPITest" time="0.690"/>
  <testcase classname="testScript.API" name="runAPITest" time="3.446"/>
</testsuite> <!-- testScript.API -->
